<?xml version="1.0" encoding="UTF-8"?>
<testsuite name="com.LibraryManagementSystem.LibraryMangementSystemTest" tests="8" skipped="0" failures="0" errors="0" timestamp="2024-09-01T09:59:46" hostname="ASUS-VIVOBOOK-1" time="0.073">
  <properties/>
  <testcase name="testBookAlreadyBorrowed()" classname="com.LibraryManagementSystem.LibraryMangementSystemTest" time="0.041"/>
  <testcase name="testcheck()" classname="com.LibraryManagementSystem.LibraryMangementSystemTest" time="0.006"/>
  <testcase name="testGetBookFromLibrary()" classname="com.LibraryManagementSystem.LibraryMangementSystemTest" time="0.004"/>
  <testcase name="testViewAvailableBooksWhereAllBooksAreAvailable()" classname="com.LibraryManagementSystem.LibraryMangementSystemTest" time="0.002"/>
  <testcase name="testBookNotFound()" classname="com.LibraryManagementSystem.LibraryMangementSystemTest" time="0.002"/>
  <testcase name="testReturnBook()" classname="com.LibraryManagementSystem.LibraryMangementSystemTest" time="0.003"/>
  <testcase name="testAddBookToLibrary()" classname="com.LibraryManagementSystem.LibraryMangementSystemTest" time="0.003"/>
  <testcase name="testBorrowBookFromLibrary()" classname="com.LibraryManagementSystem.LibraryMangementSystemTest" time="0.003"/>
  <system-out><![CDATA[Test Module Running
]]></system-out>
  <system-err><![CDATA[]]></system-err>
</testsuite>
